"blank"			"=========================="
"blank"			"#Valve_Movement_Title"
"blank"			"=========================="
"+forward"		"#Valve_Move_Forward"
"+back"			"#Valve_Move_Back"
"+left"			"#Valve_Turn_Left"
"+right"		"#Valve_Turn_Right"
"+moveleft"		"#Valve_Move_Left"
"+moveright"	"#Valve_Move_Right"
"+jump"			"#Valve_Jump"
"+duck"			"#Valve_Duck"
"+moveup"		"#Valve_Swim_Up"
"+movedown"		"#Valve_Swim_Down"
"+lookup"		"#Valve_Look_Up"
"+lookdown"		"#Valve_Look_Down"
"centerview"	"#Valve_Look_Straight_Ahead"
"+strafe"		"#Valve_Strafe_Modifier"
"+mlook"		"#Valve_Mouse_Look_Modifier"
"+klook"		"#Valve_Keyboard_Look_Modifier"
"+speed"     	"#Valve_Walk"
"+use"			"#Valve_Use_Items"
"blank"			"=========================="
"blank"			"#Valve_Communication_Title"
"blank"			"=========================="
"+voicerecord"	"#Valve_Use_Voice_Communication"
"+commandmenu"	"#Valve_Activate_In_Game_GUI"
"messagemode"	"#Valve_Chat_Message"
"messagemode2"	"#Valve_Team_Message"
"impulse 201"	"#Valve_Spray_Logo"
"blank"			"=========================="
"blank"			"#TFC_Title"
"blank"			"=========================="
"+attack2"		"#Valve_Use_Special_Skill"
"+reload"		"#Valve_Reload_Weapon"
"changeclass"	"#Valve_Change_Class"
"changeteam"	"#Valve_Change_Team"
"+gren1"		"#TFC_Throw_First_Grenade_Type"
"+gren2"		"#TFC_Throw_Second_Grenade_Type"
"dropitems"		"#TFC_Drop_Flag"
"flaginfo"		"#TFC_Display_Flag_Status"
"discard"		"#TFC_Drop_Unneeded_Ammo"
"saveme"		"#TFC_Call_For_Medic"
"+det5"			"#TFC_Set_Detpack"
"feign"			"#TFC_Spy_Feign_Death"
"sfeign"		"#TFC_Spy_Feign_Death_Silently"
"blank"			"=========================="
"blank"			"#Valve_Combat_Title"
"blank"			"=========================="
"+attack"		"#Valve_Primary_Attack"
"invprev"		"#Valve_Previous_Weapon"
"invnext"		"#Valve_Next_Weapon"
"lastinv"		"#Valve_Last_Weapon_Used"
"slot1"			"#Valve_Weapon_Category_1"
"slot2"			"#Valve_Weapon_Category_2"
"slot3" 		"#Valve_Weapon_Category_3"
"slot4"			"#Valve_Weapon_Category_4"
"slot5"			"#Valve_Weapon_Category_5"
"blank"			"=========================="
"blank"			"#Valve_Miscellaneous_Title"
"blank"			"=========================="
"+showscores"	"#Valve_Display_Scores"
"snapshot"		"#Valve_Take_Screen_Shot"
"pause"			"#Valve_Pause_Game"
"quit"			"#Valve_Quit_Game"
